app/build/outputs/logs/manifest-merger-release-report.txt
-- Merging decision tree log ---
manifest
ADDED from src\main\AndroidManifest.xml:2:1-43:12
	package
		ADDED from src\main\AndroidManifest.xml:4:5-38
		INJECTED from src\main\AndroidManifest.xml
		INJECTED from src\main\AndroidManifest.xml
	android:versionName
		ADDED from src\main\AndroidManifest.xml:6:5-30
		INJECTED from src\main\AndroidManifest.xml
		INJECTED from src\main\AndroidManifest.xml
	xmlns:tools
		ADDED from src\main\AndroidManifest.xml:3:5-51
	android:versionCode
		ADDED from src\main\AndroidManifest.xml:5:5-28
		INJECTED from src\main\AndroidManifest.xml
		INJECTED from src\main\AndroidManifest.xml
	xmlns:android
		ADDED from src\main\AndroidManifest.xml:2:11-69
uses-permission#android.permission.INTERNET
ADDED from src\main\AndroidManifest.xml:8:5-67
MERGED from [:alipaySdk-15.6.4-20190611174341:] AndroidManifest.xml:18:5-67
	android:name
		ADDED from src\main\AndroidManifest.xml:8:22-64
uses-permission#android.permission.ACCESS_NETWORK_STATE
ADDED from src\main\AndroidManifest.xml:9:5-79
MERGED from [:alipaySdk-15.6.4-20190611174341:] AndroidManifest.xml:19:5-79
	android:name
		ADDED from src\main\AndroidManifest.xml:9:22-76
uses-permission#android.permission.ACCESS_WIFI_STATE
ADDED from src\main\AndroidManifest.xml:10:5-76
MERGED from [:alipaySdk-15.6.4-20190611174341:] AndroidManifest.xml:20:5-76
	android:name
		ADDED from src\main\AndroidManifest.xml:10:22-73
supports-screens
ADDED from src\main\AndroidManifest.xml:13:5-18:39
MERGED from [:alipaySdk-15.6.4-20190611174341:] AndroidManifest.xml:11:5-16:39
	android:largeScreens
		ADDED from src\main\AndroidManifest.xml:15:9-36
	android:smallScreens
		ADDED from src\main\AndroidManifest.xml:18:9-36
	android:normalScreens
		ADDED from src\main\AndroidManifest.xml:16:9-37
	android:resizeable
		ADDED from src\main\AndroidManifest.xml:17:9-34
	android:anyDensity
		ADDED from src\main\AndroidManifest.xml:14:9-34
application
ADDED from src\main\AndroidManifest.xml:20:5-41:19
MERGED from [:alipaySdk-15.6.4-20190611174341:] AndroidManifest.xml:24:5-57:19
MERGED from [com.android.support:support-compat:28.0.0] AndroidManifest.xml:22:5-94
MERGED from [com.android.support:versionedparcelable:28.0.0] AndroidManifest.xml:22:5-23:19
	android:label
		ADDED from src\main\AndroidManifest.xml:23:9-41
	android:appComponentFactory
		ADDED from [com.android.support:support-compat:28.0.0] AndroidManifest.xml:22:18-91
	android:allowBackup
		ADDED from src\main\AndroidManifest.xml:21:9-35
	android:networkSecurityConfig
		ADDED from src\main\AndroidManifest.xml:22:9-69
	android:theme
		ADDED from src\main\AndroidManifest.xml:24:9-40
activity#com.alipay.sdk.pay.demo.PayDemoActivity
ADDED from src\main\AndroidManifest.xml:25:9-34:20
	android:label
		ADDED from src\main\AndroidManifest.xml:28:13-45
	android:icon
		ADDED from src\main\AndroidManifest.xml:27:13-46
	android:name
		ADDED from src\main\AndroidManifest.xml:26:13-67
intent-filter#android.intent.action.MAIN+android.intent.category.LAUNCHER
ADDED from src\main\AndroidManifest.xml:29:13-33:29
action#android.intent.action.MAIN
ADDED from src\main\AndroidManifest.xml:30:17-69
	android:name
		ADDED from src\main\AndroidManifest.xml:30:25-66
category#android.intent.category.LAUNCHER
ADDED from src\main\AndroidManifest.xml:32:17-77
	android:name
		ADDED from src\main\AndroidManifest.xml:32:27-74
activity#com.alipay.sdk.pay.demo.H5PayDemoActivity
ADDED from src\main\AndroidManifest.xml:35:9-40:20
	android:screenOrientation
		ADDED from src\main\AndroidManifest.xml:39:13-47
	android:exported
		ADDED from src\main\AndroidManifest.xml:38:13-37
	android:configChanges
		ADDED from src\main\AndroidManifest.xml:37:13-74
	android:name
		ADDED from src\main\AndroidManifest.xml:36:13-69
uses-sdk
INJECTED from src\main\AndroidManifest.xml reason: use-sdk injection requested
MERGED from [:alipaySdk-15.6.4-20190611174341:] AndroidManifest.xml:7:5-9:41
MERGED from [com.android.support:support-v4:28.0.0] AndroidManifest.xml:20:5-44
MERGED from [com.android.support:support-media-compat:28.0.0] AndroidManifest.xml:20:5-44
MERGED from [com.android.support:appcompat-v7:28.0.0] AndroidManifest.xml:20:5-44
MERGED from [com.android.support:support-fragment:28.0.0] AndroidManifest.xml:20:5-44
MERGED from [com.android.support:animated-vector-drawable:28.0.0] AndroidManifest.xml:20:5-44
MERGED from [com.android.support:support-vector-drawable:28.0.0] AndroidManifest.xml:20:5-44
MERGED from [com.android.support:support-core-ui:28.0.0] AndroidManifest.xml:20:5-44
MERGED from [com.android.support:support-core-utils:28.0.0] AndroidManifest.xml:20:5-44
MERGED from [com.android.support:documentfile:28.0.0] AndroidManifest.xml:20:5-44
MERGED from [com.android.support:loader:28.0.0] AndroidManifest.xml:20:5-44
MERGED from [android.arch.lifecycle:livedata:1.1.1] AndroidManifest.xml:20:5-44
MERGED from [android.arch.lifecycle:livedata-core:1.1.1] AndroidManifest.xml:20:5-44
MERGED from [android.arch.core:runtime:1.1.1] AndroidManifest.xml:20:5-44
MERGED from [android.arch.lifecycle:viewmodel:1.1.1] AndroidManifest.xml:20:5-44
MERGED from [com.android.support:localbroadcastmanager:28.0.0] AndroidManifest.xml:20:5-44
MERGED from [com.android.support:print:28.0.0] AndroidManifest.xml:20:5-44
MERGED from [com.android.support:viewpager:28.0.0] AndroidManifest.xml:20:5-44
MERGED from [com.android.support:coordinatorlayout:28.0.0] AndroidManifest.xml:20:5-44
MERGED from [com.android.support:drawerlayout:28.0.0] AndroidManifest.xml:20:5-44
MERGED from [com.android.support:slidingpanelayout:28.0.0] AndroidManifest.xml:20:5-44
MERGED from [com.android.support:customview:28.0.0] AndroidManifest.xml:20:5-44
MERGED from [com.android.support:swiperefreshlayout:28.0.0] AndroidManifest.xml:20:5-44
MERGED from [com.android.support:interpolator:28.0.0] AndroidManifest.xml:20:5-44
MERGED from [com.android.support:asynclayoutinflater:28.0.0] AndroidManifest.xml:20:5-44
MERGED from [com.android.support:support-compat:28.0.0] AndroidManifest.xml:20:5-44
MERGED from [android.arch.lifecycle:runtime:1.1.1] AndroidManifest.xml:20:5-44
MERGED from [com.android.support:versionedparcelable:28.0.0] AndroidManifest.xml:20:5-44
MERGED from [com.android.support:cursoradapter:28.0.0] AndroidManifest.xml:20:5-44
	android:targetSdkVersion
		INJECTED from src\main\AndroidManifest.xml
		INJECTED from src\main\AndroidManifest.xml
	android:minSdkVersion
		INJECTED from src\main\AndroidManifest.xml
		INJECTED from src\main\AndroidManifest.xml
uses-permission#android.permission.READ_PHONE_STATE
ADDED from [:alipaySdk-15.6.4-20190611174341:] AndroidManifest.xml:21:5-75
	android:name
		ADDED from [:alipaySdk-15.6.4-20190611174341:] AndroidManifest.xml:21:22-72
uses-permission#android.permission.WRITE_EXTERNAL_STORAGE
ADDED from [:alipaySdk-15.6.4-20190611174341:] AndroidManifest.xml:22:5-81
	android:name
		ADDED from [:alipaySdk-15.6.4-20190611174341:] AndroidManifest.xml:22:22-78
uses-library#org.apache.http.legacy
ADDED from [:alipaySdk-15.6.4-20190611174341:] AndroidManifest.xml:25:9-27:40
	android:required
		ADDED from [:alipaySdk-15.6.4-20190611174341:] AndroidManifest.xml:27:13-37
	android:name
		ADDED from [:alipaySdk-15.6.4-20190611174341:] AndroidManifest.xml:26:13-50
activity#com.alipay.sdk.app.H5PayActivity
ADDED from [:alipaySdk-15.6.4-20190611174341:] AndroidManifest.xml:29:9-34:20
	android:screenOrientation
		ADDED from [:alipaySdk-15.6.4-20190611174341:] AndroidManifest.xml:33:13-47
	android:exported
		ADDED from [:alipaySdk-15.6.4-20190611174341:] AndroidManifest.xml:32:13-37
	android:configChanges
		ADDED from [:alipaySdk-15.6.4-20190611174341:] AndroidManifest.xml:31:13-74
	android:name
		ADDED from [:alipaySdk-15.6.4-20190611174341:] AndroidManifest.xml:30:13-60
activity#com.alipay.sdk.app.H5AuthActivity
ADDED from [:alipaySdk-15.6.4-20190611174341:] AndroidManifest.xml:35:9-40:20
	android:screenOrientation
		ADDED from [:alipaySdk-15.6.4-20190611174341:] AndroidManifest.xml:39:13-47
	android:exported
		ADDED from [:alipaySdk-15.6.4-20190611174341:] AndroidManifest.xml:38:13-37
	android:configChanges
		ADDED from [:alipaySdk-15.6.4-20190611174341:] AndroidManifest.xml:37:13-74
	android:name
		ADDED from [:alipaySdk-15.6.4-20190611174341:] AndroidManifest.xml:36:13-61
activity#com.alipay.sdk.app.PayResultActivity
ADDED from [:alipaySdk-15.6.4-20190611174341:] AndroidManifest.xml:41:9-50:20
	android:launchMode
		ADDED from [:alipaySdk-15.6.4-20190611174341:] AndroidManifest.xml:45:13-48
	android:exported
		ADDED from [:alipaySdk-15.6.4-20190611174341:] AndroidManifest.xml:44:13-36
	android:configChanges
		ADDED from [:alipaySdk-15.6.4-20190611174341:] AndroidManifest.xml:43:13-74
	android:theme
		ADDED from [:alipaySdk-15.6.4-20190611174341:] AndroidManifest.xml:46:13-72
	android:name
		ADDED from [:alipaySdk-15.6.4-20190611174341:] AndroidManifest.xml:42:13-64
intent-filter#android.intent.category.DEFAULT
ADDED from [:alipaySdk-15.6.4-20190611174341:] AndroidManifest.xml:47:13-49:29
category#android.intent.category.DEFAULT
ADDED from [:alipaySdk-15.6.4-20190611174341:] AndroidManifest.xml:48:17-76
	android:name
		ADDED from [:alipaySdk-15.6.4-20190611174341:] AndroidManifest.xml:48:27-73
activity#com.alipay.sdk.app.AlipayResultActivity
ADDED from [:alipaySdk-15.6.4-20190611174341:] AndroidManifest.xml:51:9-56:20
	android:launchMode
		ADDED from [:alipaySdk-15.6.4-20190611174341:] AndroidManifest.xml:54:13-44
	android:exported
		ADDED from [:alipaySdk-15.6.4-20190611174341:] AndroidManifest.xml:53:13-36
	android:theme
		ADDED from [:alipaySdk-15.6.4-20190611174341:] AndroidManifest.xml:55:13-72
	android:name
		ADDED from [:alipaySdk-15.6.4-20190611174341:] AndroidManifest.xml:52:13-67
uses-permission#android.permission.READ_EXTERNAL_STORAGE
IMPLIED from src\main\AndroidManifest.xml:2:1-43:12 reason: com.alipay.sdk requested WRITE_EXTERNAL_STORAGE